2022-05-31 16:14:27,902  INFO [TestNG-test=Test-2] SauceDemoProjectV2:34 - url is open
2022-05-31 16:14:27,935  INFO [TestNG-test=Test-6] SauceDemoProjectV2:34 - url is open
2022-05-31 16:14:28,105  INFO [TestNG-test=Test-4] SauceDemoProjectV2:34 - url is open
2022-05-31 16:14:28,126  INFO [TestNG-test=Test-7] SauceDemoProjectV2:34 - url is open
2022-05-31 16:14:27,896  INFO [TestNG-test=Test-5] SauceDemoProjectV2:34 - url is open
2022-05-31 16:14:28,157  INFO [TestNG-test=Test-8] SauceDemoProjectV2:34 - url is open
2022-05-31 16:14:27,027  INFO [TestNG-test=Test-3] SauceDemoProjectV2:34 - url is open
2022-05-31 16:14:28,132  INFO [TestNG-test=Test-1] SauceDemoProjectV2:34 - url is open
2022-05-31 16:15:05,073  INFO [TestNG-test=Test-8] SauceDemoProjectV2:52 - URL is open
2022-05-31 16:15:05,376  INFO [TestNG-test=Test-5] SauceDemoProjectV2:52 - URL is open
2022-05-31 16:15:05,385  INFO [TestNG-test=Test-7] SauceDemoProjectV2:52 - URL is open
2022-05-31 16:15:05,739  INFO [TestNG-test=Test-4] SauceDemoProjectV2:52 - URL is open
2022-05-31 16:15:05,758  INFO [TestNG-test=Test-1] SauceDemoProjectV2:52 - URL is open
2022-05-31 16:15:05,791  INFO [TestNG-test=Test-3] SauceDemoProjectV2:52 - URL is open
2022-05-31 16:15:05,820  INFO [TestNG-test=Test-2] SauceDemoProjectV2:52 - URL is open
2022-05-31 16:15:10,962  INFO [TestNG-test=Test-6] SauceDemoProjectV2:52 - URL is open
2022-05-31 16:15:11,957  INFO [TestNG-test=Test-8] SauceDemoProjectV2:55 - Browser is maximise
2022-05-31 16:15:12,014  INFO [TestNG-test=Test-5] SauceDemoProjectV2:55 - Browser is maximise
2022-05-31 16:15:13,136  INFO [TestNG-test=Test-7] SauceDemoProjectV2:55 - Browser is maximise
2022-05-31 16:15:14,903  INFO [TestNG-test=Test-3] SauceDemoProjectV2:55 - Browser is maximise
2022-05-31 16:15:15,521  INFO [TestNG-test=Test-2] SauceDemoProjectV2:55 - Browser is maximise
2022-05-31 16:15:15,547  INFO [TestNG-test=Test-4] SauceDemoProjectV2:55 - Browser is maximise
2022-05-31 16:15:15,559  INFO [TestNG-test=Test-1] SauceDemoProjectV2:55 - Browser is maximise
2022-05-31 16:15:15,588  INFO [TestNG-test=Test-6] SauceDemoProjectV2:55 - Browser is maximise
2022-05-31 16:15:25,771  INFO [TestNG-test=Test-8] SauceDemoProjectV2:63 - user name entered
2022-05-31 16:15:26,231  INFO [TestNG-test=Test-2] SauceDemoProjectV2:63 - user name entered
2022-05-31 16:15:26,447  INFO [TestNG-test=Test-1] SauceDemoProjectV2:63 - user name entered
2022-05-31 16:15:26,464  INFO [TestNG-test=Test-6] SauceDemoProjectV2:63 - user name entered
2022-05-31 16:15:26,545  INFO [TestNG-test=Test-7] SauceDemoProjectV2:63 - user name entered
2022-05-31 16:15:26,546  INFO [TestNG-test=Test-4] SauceDemoProjectV2:63 - user name entered
2022-05-31 16:15:26,556  INFO [TestNG-test=Test-5] SauceDemoProjectV2:63 - user name entered
2022-05-31 16:15:28,706  INFO [TestNG-test=Test-3] SauceDemoProjectV2:63 - user name entered
2022-05-31 16:15:28,725  INFO [TestNG-test=Test-2] SauceDemoProjectV2:65 - password enterd
2022-05-31 16:15:28,731  INFO [TestNG-test=Test-4] SauceDemoProjectV2:65 - password enterd
2022-05-31 16:15:28,731  INFO [TestNG-test=Test-7] SauceDemoProjectV2:65 - password enterd
2022-05-31 16:15:28,743  INFO [TestNG-test=Test-1] SauceDemoProjectV2:65 - password enterd
2022-05-31 16:15:28,743  INFO [TestNG-test=Test-6] SauceDemoProjectV2:65 - password enterd
2022-05-31 16:15:28,746  INFO [TestNG-test=Test-5] SauceDemoProjectV2:65 - password enterd
2022-05-31 16:15:29,444  INFO [TestNG-test=Test-8] SauceDemoProjectV2:65 - password enterd
2022-05-31 16:15:30,558  INFO [TestNG-test=Test-3] SauceDemoProjectV2:65 - password enterd
2022-05-31 16:15:56,584  INFO [TestNG-test=Test-3] SauceDemoProjectV2:67 - login succesfully
2022-05-31 16:15:56,826  INFO [TestNG-test=Test-2] SauceDemoProjectV2:67 - login succesfully
2022-05-31 16:15:58,814  INFO [TestNG-test=Test-1] SauceDemoProjectV2:67 - login succesfully
2022-05-31 16:15:58,876  INFO [TestNG-test=Test-8] SauceDemoProjectV2:67 - login succesfully
2022-05-31 16:15:58,932  INFO [TestNG-test=Test-4] SauceDemoProjectV2:67 - login succesfully
2022-05-31 16:15:59,217  INFO [TestNG-test=Test-5] SauceDemoProjectV2:67 - login succesfully
2022-05-31 16:15:59,228  INFO [TestNG-test=Test-6] SauceDemoProjectV2:67 - login succesfully
2022-05-31 16:16:01,346  INFO [TestNG-test=Test-7] SauceDemoProjectV2:67 - login succesfully
2022-05-31 16:17:05,898  INFO [TestNG-test=Test-8] SauceDemoProjectV2:75 - end of programm
2022-05-31 16:17:05,902  INFO [TestNG-test=Test-7] SauceDemoProjectV2:75 - end of programm
2022-05-31 16:17:05,904  INFO [TestNG-test=Test-1] SauceDemoProjectV2:75 - end of programm
2022-05-31 16:17:05,906  INFO [TestNG-test=Test-2] SauceDemoProjectV2:75 - end of programm
2022-05-31 16:17:05,913  INFO [TestNG-test=Test-5] SauceDemoProjectV2:75 - end of programm
2022-05-31 16:17:05,917  INFO [TestNG-test=Test-3] SauceDemoProjectV2:75 - end of programm
2022-05-31 16:17:05,914  INFO [TestNG-test=Test-4] SauceDemoProjectV2:75 - end of programm
2022-05-31 16:17:10,532  INFO [TestNG-test=Test-6] SauceDemoProjectV2:75 - end of programm
